<?xml version="1.0" encoding="UTF-8"?>
<!-- Generated by org.testng.reporters.JUnitXMLReporter -->
<testsuite hostname="lifecodemohit-HP-Pavilion-14-Notebook-PC" name="Default test" tests="21" failures="0" timestamp="22 Nov 2014 17:32:54 GMT" time="0.099" errors="0">
  <testcase name="BallSetInProperPosition" time="0.028" classname="ProjectTests.FieldTest"/>
  <testcase name="CheckBallxCoordinateAfterTeamAGoal" time="0.002" classname="ProjectTests.FieldTest"/>
  <testcase name="CheckBallxCoordinateAfterTeamBGoal" time="0.001" classname="ProjectTests.FieldTest"/>
  <testcase name="CheckBallyCoordinateAfterTeamAGoal" time="0.001" classname="ProjectTests.FieldTest"/>
  <testcase name="CheckBallyCoordinateAfterTeamBGoal" time="0.001" classname="ProjectTests.FieldTest"/>
  <testcase name="CheckPlayerXCoordinateInTeamA" time="0.018" classname="ProjectTests.FieldTest"/>
  <testcase name="CheckPlayerXCoordinateInTeamB" time="0.001" classname="ProjectTests.FieldTest"/>
  <testcase name="CheckPlayerYCoordinateInTeamA" time="0.001" classname="ProjectTests.FieldTest"/>
  <testcase name="CheckPlayerYCoordinateInTeamB" time="0.001" classname="ProjectTests.FieldTest"/>
  <testcase name="CheckValidityOfNumberOfPlayersInTeamA" time="0.001" classname="ProjectTests.FieldTest"/>
  <testcase name="CheckValidityOfNumberOfPlayersInTeamB" time="0.001" classname="ProjectTests.FieldTest"/>
  <testcase name="CheckValidityOfTeamAFormation" time="0.001" classname="ProjectTests.FieldTest"/>
  <testcase name="CheckValidityOfTeamBFormation" time="0.001" classname="ProjectTests.FieldTest"/>
  <testcase name="GoalScoredByTeamA" time="0.001" classname="ProjectTests.FieldTest"/>
  <testcase name="GoalScoredByTeamB" time="0.001" classname="ProjectTests.FieldTest"/>
  <testcase name="TeamAFormationSetCorrectly" time="0.001" classname="ProjectTests.FieldTest"/>
  <testcase name="TeamANameSetCorrectly" time="0.001" classname="ProjectTests.FieldTest"/>
  <testcase name="TeamBFormationSetCorrectly" time="0.0" classname="ProjectTests.FieldTest"/>
  <testcase name="TeamBNameSetCorrectly" time="0.0" classname="ProjectTests.FieldTest"/>
  <testcase name="TestPassingInTeamA" time="0.0" classname="ProjectTests.FieldTest"/>
  <testcase name="TestPassingInTeamB" time="0.0" classname="ProjectTests.FieldTest"/>
</testsuite> <!-- Default test -->
